<?xml version="1.0" encoding="UTF-8"?>
<testng-results ignored="0" total="3" passed="3" failed="0" skipped="0">
  <reporter-output>
  </reporter-output>
  <suite started-at="2023-10-01T21:51:23 BRT" name="Suite" finished-at="2023-10-01T21:51:23 BRT" duration-ms="42">
    <groups>
    </groups>
    <test started-at="2023-10-01T21:51:23 BRT" name="Testing Sequence" finished-at="2023-10-01T21:51:23 BRT" duration-ms="42">
      <class name="tng.IntroductionNg2">
        <test-method signature="Terceiro()[pri:0, instance:tng.IntroductionNg2@29d89d5d]" started-at="2023-10-01T21:51:23 BRT" name="Terceiro" finished-at="2023-10-01T21:51:23 BRT" duration-ms="1" status="PASS">
          <reporter-output>
          </reporter-output>
        </test-method> <!-- Terceiro -->
      </class> <!-- tng.IntroductionNg2 -->
      <class name="tng.IntroductionNg">
        <test-method signature="Primeiro()[pri:0, instance:tng.IntroductionNg@6631f5ca]" started-at="2023-10-01T21:51:23 BRT" name="Primeiro" finished-at="2023-10-01T21:51:23 BRT" duration-ms="8" status="PASS">
          <reporter-output>
          </reporter-output>
        </test-method> <!-- Primeiro -->
        <test-method signature="Segundo()[pri:0, instance:tng.IntroductionNg@6631f5ca]" started-at="2023-10-01T21:51:23 BRT" name="Segundo" finished-at="2023-10-01T21:51:23 BRT" duration-ms="1" status="PASS">
          <reporter-output>
          </reporter-output>
        </test-method> <!-- Segundo -->
      </class> <!-- tng.IntroductionNg -->
    </test> <!-- Testing Sequence -->
  </suite> <!-- Suite -->
</testng-results>
