<?xml version="1.0" encoding="UTF-8"?>
<!-- Generated by org.testng.reporters.JUnitXMLReporter -->
<testsuite ignored="0" hostname="TR-2VV53Y3" failures="0" tests="3" name="Default test" time="0.082" errors="0" timestamp="2023-10-24T15:10:20 BRT">
  <testcase classname="tng.Annotations" name="FlightBooking" time="0.006"/>
  <testcase classname="tng.Annotations" name="FlightCancel" time="0.001"/>
  <testcase classname="tng.Annotations" name="OpeningBrowser" time="0.0"/>
</testsuite> <!-- Default test -->
