<?xml version="1.0" encoding="UTF-8"?>
<!-- Generated by org.testng.reporters.JUnitXMLReporter -->
<testsuite ignored="1" hostname="TR-2VV53Y3" failures="0" tests="2" name="Car Loan" time="0.008" errors="0" timestamp="2023-10-24T21:29:09 BRT">
  <testcase classname="tng.IntroductionNg3" name="LoginApiCarLoan" time="0.001"/>
  <testcase classname="tng.IntroductionNg3" name="WebloginCarLoan" time="0.001"/>
  <testcase classname="tng.IntroductionNg3" name="MobileLoginCarLoan" time="0.0">
    <ignored/>
  </testcase> <!-- MobileLoginCarLoan -->
</testsuite> <!-- Car Loan -->
