<?xml version="1.0" encoding="UTF-8"?>
<!-- Generated by org.testng.reporters.JUnitXMLReporter -->
<testsuite ignored="0" hostname="TR-2VV53Y3" failures="0" tests="3" name="Home Loan" time="0.011" errors="0" timestamp="2023-10-24T21:29:09 BRT">
  <testcase classname="tng.IntroductionNg4" name="LoginApiHomeLoan" time="0.001"/>
  <testcase classname="tng.IntroductionNg4" name="MobileLoginHomeLoan" time="0.001"/>
  <testcase classname="tng.IntroductionNg4" name="WebloginHomeLoan" time="0.002"/>
</testsuite> <!-- Home Loan -->
