<?xml version="1.0" encoding="UTF-8"?>
<!-- Generated by org.testng.reporters.JUnitXMLReporter -->
<testsuite ignored="0" hostname="TR-2VV53Y3" failures="0" tests="3" name="Testing Sequence" time="0.079" errors="0" timestamp="2023-10-24T21:29:09 BRT">
  <testcase classname="tng.IntroductionNg" name="Primeiro" time="0.011"/>
  <testcase classname="tng.IntroductionNg" name="Segundo" time="0.001"/>
  <testcase classname="tng.IntroductionNg2" name="Terceiro" time="0.001"/>
</testsuite> <!-- Testing Sequence -->
