<?xml version="1.0" encoding="UTF-8"?>
<!-- Generated by org.testng.reporters.JUnitXMLReporter -->
<testsuite ignored="0" hostname="TR-2VV53Y3" failures="0" tests="12" name="Testing Sequence2" time="0.061" errors="0" timestamp="2023-10-24T22:08:38 BRT">
  <testcase classname="tng.Annotations" name="FlightBooking" time="0.006"/>
  <testcase classname="tng.Annotations" name="FlightCancel" time="0.001"/>
  <testcase classname="tng.Annotations" name="OpeningBrowser" time="0.0"/>
  <testcase classname="tng.IntroductionNg" name="Primeiro" time="0.0"/>
  <testcase classname="tng.IntroductionNg" name="Segundo" time="0.0"/>
  <testcase classname="tng.IntroductionNg2" name="Terceiro" time="0.0"/>
  <testcase classname="tng.IntroductionNg3" name="LoginApiCarLoan" time="0.001"/>
  <testcase classname="tng.IntroductionNg3" name="MobileLoginCarLoan" time="0.001"/>
  <testcase classname="tng.IntroductionNg3" name="WebloginCarLoan" time="0.0"/>
  <testcase classname="tng.IntroductionNg4" name="LoginApiHomeLoan" time="0.0"/>
  <testcase classname="tng.IntroductionNg4" name="MobileLoginHomeLoan" time="0.0"/>
  <testcase classname="tng.IntroductionNg4" name="WebloginHomeLoan" time="0.0"/>
</testsuite> <!-- Testing Sequence2 -->
